Using pre-set license
Built from '2020.3/china_unity/release' branch; Version is '2020.3.10f1c1 (65978a05d4e9) revision 6657930'; Using compiler version '192528614'; Build Type 'Release'
OS: 'Windows 10 Home China; OS build 19042.985; Version 2009; 64bit' Language: 'zh' Physical Memory: 8028 MB
BatchMode: 1, IsHumanControllingUs: 0, StartBugReporterOnCrash: 0, Is64bit: 1, IsPro: 0

 COMMAND LINE ARGUMENTS:
F:\unity\2020.3.10f1c1\Editor\Unity.exe
-adb2
-batchMode
-noUpm
-name
AssetImportWorker2
-projectPath
F:/竞教结合/project/Role_playing_detective_game606/New Unity Project (1)
-logFile
Logs/AssetImportWorker2.log
-srvPort
56182
Successfully changed project path to: F:/竞教结合/project/Role_playing_detective_game606/New Unity Project (1)
F:/竞教结合/project/Role_playing_detective_game606/New Unity Project (1)
Using Asset Import Pipeline V2.
Refreshing native plugins compatible for Editor in 258.32 ms, found 2 plugins.
Preloading 0 native plugins for Editor in 0.00 ms.
Initialize engine version: 2020.3.10f1c1 (65978a05d4e9)
[Subsystems] Discovering subsystems at path F:/unity/2020.3.10f1c1/Editor/Data/Resources/UnitySubsystems
[Subsystems] Discovering subsystems at path F:/竞教结合/project/Role_playing_detective_game606/New Unity Project (1)/Assets
GfxDevice: creating device client; threaded=0
Direct3D:
    Version:  Direct3D 11.0 [level 11.0]
    Renderer: NVIDIA GeForce 940MX (ID=0x134d)
    Vendor:   
    VRAM:     2010 MB
    Driver:   27.21.14.5749
Initialize mono
Mono path[0] = 'F:/unity/2020.3.10f1c1/Editor/Data/Managed'
Mono path[1] = 'F:/unity/2020.3.10f1c1/Editor/Data/MonoBleedingEdge/lib/mono/unityjit'
Mono config path = 'F:/unity/2020.3.10f1c1/Editor/Data/MonoBleedingEdge/etc'
Using monoOptions --debugger-agent=transport=dt_socket,embedding=1,server=y,suspend=n,address=127.0.0.1:56128
Begin MonoManager ReloadAssembly
Registering precompiled unity dll's ...
Register platform support module: F:/unity/2020.3.10f1c1/Editor/Data/PlaybackEngines/WindowsStandaloneSupport/UnityEditor.WindowsStandalone.Extensions.dll
Registered in 0.001586 seconds.
Native extension for WindowsStandalone target not found
Refreshing native plugins compatible for Editor in 138.79 ms, found 2 plugins.
Preloading 0 native plugins for Editor in 0.00 ms.
Mono: successfully reloaded assembly
- Completed reload, in  1.624 seconds
Platform modules already initialized, skipping
Registering precompiled user dll's ...
Registered in 0.010988 seconds.
Begin MonoManager ReloadAssembly
Native extension for WindowsStandalone target not found
Refreshing native plugins compatible for Editor in 1.27 ms, found 2 plugins.
Preloading 0 native plugins for Editor in 0.00 ms.
Mono: successfully reloaded assembly
- Completed reload, in  2.381 seconds
Platform modules already initialized, skipping
========================================================================
Worker process is ready to serve import requests
Launched and connected shader compiler UnityShaderCompiler.exe after 0.17 seconds
Refreshing native plugins compatible for Editor in 1.36 ms, found 2 plugins.
Preloading 0 native plugins for Editor in 0.00 ms.
Unloading 2827 Unused Serialized files (Serialized files now loaded: 0)
System memory in use before: 147.3 MB.
System memory in use after: 147.2 MB.

Unloading 158 unused Assets to reduce memory usage. Loaded Objects now: 3233.
Total: 8.953000 ms (FindLiveObjects: 0.306000 ms CreateObjectMapping: 0.145900 ms MarkObjects: 7.926800 ms  DeleteObjects: 0.572700 ms)

========================================================================
Received Import Request.
  path: Assets/Furniture_ges1/scene.unity
  artifactKey: Guid(634c41117f48a1940933d58845b6f252) Importer(815301076,1909f56bfc062723c751e8b465ee728b)
Start importing Assets/Furniture_ges1/scene.unity using Guid(634c41117f48a1940933d58845b6f252) Importer(815301076,1909f56bfc062723c751e8b465ee728b)  -> (artifact id: '7f645859e12b6a518d3b24049aeb7513') in 0.044877 seconds
  Import took 0.096365 seconds .

========================================================================
Received Import Request.
  Time since last request: 77.790227 seconds.
  path: Assets/Soja Exiles/Bar & Liquor Cabinets/Demo.unity
  artifactKey: Guid(5192fb7ee619ba3438fa03702e516cd4) Importer(815301076,1909f56bfc062723c751e8b465ee728b)
Start importing Assets/Soja Exiles/Bar & Liquor Cabinets/Demo.unity using Guid(5192fb7ee619ba3438fa03702e516cd4) Importer(815301076,1909f56bfc062723c751e8b465ee728b)  -> (artifact id: '4186f0253f1174a1f67a6fb7855c9531') in 0.015598 seconds
  Import took 0.057903 seconds .

========================================================================
Received Import Request.
  Time since last request: 136.335791 seconds.
  path: Assets/Soja Exiles/Hospital Medical Office Modular/Scenes/Structure_01.unity
  artifactKey: Guid(0c99ea74f8af1b049b03987bcd45a41c) Importer(815301076,1909f56bfc062723c751e8b465ee728b)
Start importing Assets/Soja Exiles/Hospital Medical Office Modular/Scenes/Structure_01.unity using Guid(0c99ea74f8af1b049b03987bcd45a41c) Importer(815301076,1909f56bfc062723c751e8b465ee728b)  -> (artifact id: 'c8bd351a469b4480e2dee3dbd202a0ec') in 0.030012 seconds
  Import took 0.083645 seconds .

========================================================================
Received Prepare
Registering precompiled user dll's ...
Registered in 0.046564 seconds.
Begin MonoManager ReloadAssembly
Native extension for WindowsStandalone target not found
Refreshing native plugins compatible for Editor in 1.61 ms, found 2 plugins.
Preloading 0 native plugins for Editor in 0.00 ms.
Warning: Annotation not found!
UnityEngine.StackTraceUtility:ExtractStackTrace ()
UnityEditor.ProBuilder.EditorUtility:SetGizmoIconEnabled (System.Type,bool) (at Library/PackageCache/com.unity.probuilder@5.0.3/Editor/EditorCore/EditorUtility.cs:575)
UnityEditor.ProBuilder.HierarchyListener:.cctor () (at Library/PackageCache/com.unity.probuilder@5.0.3/Editor/EditorCore/HierarchyListener.cs:21)
System.Runtime.CompilerServices.RuntimeHelpers:RunClassConstructor (System.RuntimeTypeHandle)
UnityEditor.EditorAssemblies:ProcessInitializeOnLoadAttributes (System.Type[])

[Library/PackageCache/com.unity.probuilder@5.0.3/Editor/EditorCore/EditorUtility.cs line 575]

Mono: successfully reloaded assembly
- Completed reload, in 11.491 seconds
Platform modules already initialized, skipping
Refreshing native plugins compatible for Editor in 14.36 ms, found 2 plugins.
Preloading 0 native plugins for Editor in 0.00 ms.
Unloading 2679 Unused Serialized files (Serialized files now loaded: 0)
System memory in use before: 133.7 MB.
System memory in use after: 133.6 MB.

Unloading 55 unused Assets to reduce memory usage. Loaded Objects now: 3236.
Total: 48.828600 ms (FindLiveObjects: 5.734800 ms CreateObjectMapping: 1.452200 ms MarkObjects: 41.142700 ms  DeleteObjects: 0.485500 ms)

========================================================================
Received Import Request.
  Time since last request: 526.977018 seconds.
  path: Assets/Soja Exiles/Bar & Liquor Cabinets/Prefabs
  artifactKey: Guid(3311df2ab1633d845bde5691f2f600f1) Importer(815301076,1909f56bfc062723c751e8b465ee728b)
Start importing Assets/Soja Exiles/Bar & Liquor Cabinets/Prefabs using Guid(3311df2ab1633d845bde5691f2f600f1) Importer(815301076,1909f56bfc062723c751e8b465ee728b)  -> (artifact id: '916685bf5a9e82a7182a5f2d3f71678b') in 0.016078 seconds
  Import took 0.114551 seconds .

========================================================================
Received Import Request.
  Time since last request: 0.000282 seconds.
  path: Assets/Soja Exiles/Bar & Liquor Cabinets/Prefabs/Vase 1.prefab
  artifactKey: Guid(eeba5b089ee3b4a4cbe7167afae0e4e1) Importer(815301076,1909f56bfc062723c751e8b465ee728b)
Start importing Assets/Soja Exiles/Bar & Liquor Cabinets/Prefabs/Vase 1.prefab using Guid(eeba5b089ee3b4a4cbe7167afae0e4e1) Importer(815301076,1909f56bfc062723c751e8b465ee728b)  -> (artifact id: 'd3b4d25859a1e8915231b04e646bb626') in 0.309421 seconds
  Import took 0.331450 seconds .

========================================================================
Received Import Request.
  Time since last request: 0.000296 seconds.
  path: Assets/Soja Exiles/Bar & Liquor Cabinets/Prefabs/lamp.prefab
  artifactKey: Guid(b762b04c7fe35704cbdbf1806a638bf1) Importer(815301076,1909f56bfc062723c751e8b465ee728b)
Start importing Assets/Soja Exiles/Bar & Liquor Cabinets/Prefabs/lamp.prefab using Guid(b762b04c7fe35704cbdbf1806a638bf1) Importer(815301076,1909f56bfc062723c751e8b465ee728b)  -> (artifact id: 'adf1867925e696737ec04533a2ab2cf5') in 0.104311 seconds
  Import took 0.120954 seconds .

========================================================================
Received Import Request.
  Time since last request: 0.000237 seconds.
  path: Assets/Soja Exiles/Bar & Liquor Cabinets/Prefabs/Vase.prefab
  artifactKey: Guid(d1af930dddc14144d9209f1378f9a311) Importer(815301076,1909f56bfc062723c751e8b465ee728b)
Start importing Assets/Soja Exiles/Bar & Liquor Cabinets/Prefabs/Vase.prefab using Guid(d1af930dddc14144d9209f1378f9a311) Importer(815301076,1909f56bfc062723c751e8b465ee728b)  -> (artifact id: '7acc9916a2648057598fdda3c4357221') in 0.031557 seconds
  Import took 0.052304 seconds .

========================================================================
Received Import Request.
  Time since last request: 0.011484 seconds.
  path: Assets/Soja Exiles/Bar & Liquor Cabinets/Prefabs/Painting.prefab
  artifactKey: Guid(4f9e8d17d08a3d346909d5dc0f404d80) Importer(815301076,1909f56bfc062723c751e8b465ee728b)
Start importing Assets/Soja Exiles/Bar & Liquor Cabinets/Prefabs/Painting.prefab using Guid(4f9e8d17d08a3d346909d5dc0f404d80) Importer(815301076,1909f56bfc062723c751e8b465ee728b)  -> (artifact id: '39036d354f90ed6f41b994af2473c4b2') in 0.071697 seconds
  Import took 0.101635 seconds .

========================================================================
Received Import Request.
  Time since last request: 3.657090 seconds.
  path: Assets/Soja Exiles/Bar & Liquor Cabinets/Prefabs/Wine Liquor Beer and Glassware - Sample
  artifactKey: Guid(bfea097eda748e445af72b19baa5540e) Importer(815301076,1909f56bfc062723c751e8b465ee728b)
Start importing Assets/Soja Exiles/Bar & Liquor Cabinets/Prefabs/Wine Liquor Beer and Glassware - Sample using Guid(bfea097eda748e445af72b19baa5540e) Importer(815301076,1909f56bfc062723c751e8b465ee728b)  -> (artifact id: 'ee343d3a2c75f128fe49f6cce4f36f04') in 0.021704 seconds
  Import took 0.108516 seconds .

========================================================================
Received Import Request.
  Time since last request: 0.000333 seconds.
  path: Assets/Soja Exiles/Bar & Liquor Cabinets/Prefabs/Wine Liquor Beer and Glassware - Sample/wine thin glass.prefab
  artifactKey: Guid(14973bbaa08d142449d2405142caff8d) Importer(815301076,1909f56bfc062723c751e8b465ee728b)
Start importing Assets/Soja Exiles/Bar & Liquor Cabinets/Prefabs/Wine Liquor Beer and Glassware - Sample/wine thin glass.prefab using Guid(14973bbaa08d142449d2405142caff8d) Importer(815301076,1909f56bfc062723c751e8b465ee728b)  -> (artifact id: '85bd85617180a9fd9ace9a94d25c4372') in 0.078231 seconds
  Import took 0.123802 seconds .

========================================================================
Received Import Request.
  Time since last request: 0.000910 seconds.
  path: Assets/Soja Exiles/Bar & Liquor Cabinets/Prefabs/Wine Liquor Beer and Glassware - Sample/wine thin glass Red Wine.prefab
  artifactKey: Guid(e32f2e76bad645746b596640d4736354) Importer(815301076,1909f56bfc062723c751e8b465ee728b)
Start importing Assets/Soja Exiles/Bar & Liquor Cabinets/Prefabs/Wine Liquor Beer and Glassware - Sample/wine thin glass Red Wine.prefab using Guid(e32f2e76bad645746b596640d4736354) Importer(815301076,1909f56bfc062723c751e8b465ee728b)  -> (artifact id: 'aeb2fa17702f187dfc384741fef6243f') in 0.034766 seconds
  Import took 0.069728 seconds .

========================================================================
Received Import Request.
  Time since last request: 0.000915 seconds.
  path: Assets/Soja Exiles/Bar & Liquor Cabinets/Prefabs/Wine Liquor Beer and Glassware - Sample/wine bottle 04_Low Poly.prefab
  artifactKey: Guid(e0f8fa703bcf04a419f5263f5020b059) Importer(815301076,1909f56bfc062723c751e8b465ee728b)
Start importing Assets/Soja Exiles/Bar & Liquor Cabinets/Prefabs/Wine Liquor Beer and Glassware - Sample/wine bottle 04_Low Poly.prefab using Guid(e0f8fa703bcf04a419f5263f5020b059) Importer(815301076,1909f56bfc062723c751e8b465ee728b)  -> (artifact id: 'a024235fa37a2885b74cd2554c52e201') in 0.096960 seconds
  Import took 0.120892 seconds .

========================================================================
Received Import Request.
  Time since last request: 0.000440 seconds.
  path: Assets/Soja Exiles/Bar & Liquor Cabinets/Prefabs/Wine Liquor Beer and Glassware - Sample/wine bottle 04 - No Label - High Poly.prefab
  artifactKey: Guid(c22c18d3a6d564e4ca5a4185a1f26b5d) Importer(815301076,1909f56bfc062723c751e8b465ee728b)
Start importing Assets/Soja Exiles/Bar & Liquor Cabinets/Prefabs/Wine Liquor Beer and Glassware - Sample/wine bottle 04 - No Label - High Poly.prefab using Guid(c22c18d3a6d564e4ca5a4185a1f26b5d) Importer(815301076,1909f56bfc062723c751e8b465ee728b)  -> (artifact id: 'cd6f59fa8246217a82e670a4c38ac211') in 0.057828 seconds
  Import took 0.099201 seconds .

========================================================================
Received Import Request.
  Time since last request: 0.000198 seconds.
  path: Assets/Soja Exiles/Bar & Liquor Cabinets/Prefabs/Wine Liquor Beer and Glassware - Sample/wine thin glass White Wine.prefab
  artifactKey: Guid(1b428e366487244448eec04f14964eef) Importer(815301076,1909f56bfc062723c751e8b465ee728b)
Start importing Assets/Soja Exiles/Bar & Liquor Cabinets/Prefabs/Wine Liquor Beer and Glassware - Sample/wine thin glass White Wine.prefab using Guid(1b428e366487244448eec04f14964eef) Importer(815301076,1909f56bfc062723c751e8b465ee728b)  -> (artifact id: '24792862315a26f5702dd60d17bb0029') in 0.057937 seconds
  Import took 0.079528 seconds .

AssetImportWorkerClient::OnTransportError - code=2 error=End of file
