Using pre-set license
Built from '2020.3/china_unity/release' branch; Version is '2020.3.9f1c1 (ef65345766d1) revision 15689012'; Using compiler version '192528614'; Build Type 'Release'
OS: 'Windows 10 Home China; OS build 19042.985; Version 2009; 64bit' Language: 'zh' Physical Memory: 16253 MB
BatchMode: 1, IsHumanControllingUs: 0, StartBugReporterOnCrash: 0, Is64bit: 1, IsPro: 0

 COMMAND LINE ARGUMENTS:
D:\Program Files (x86)\2020.3.9f1c1\Editor\Unity.exe
-adb2
-batchMode
-noUpm
-name
AssetImportWorker0
-projectPath
D:/Course_Projects/Role_playing_detective_game/Role_playing_detective_game/New Unity Project (1)
-logFile
Logs/AssetImportWorker0.log
-srvPort
58311
Successfully changed project path to: D:/Course_Projects/Role_playing_detective_game/Role_playing_detective_game/New Unity Project (1)
D:/Course_Projects/Role_playing_detective_game/Role_playing_detective_game/New Unity Project (1)
Using Asset Import Pipeline V2.
Refreshing native plugins compatible for Editor in 155.24 ms, found 0 plugins.
Preloading 0 native plugins for Editor in 0.00 ms.
Initialize engine version: 2020.3.9f1c1 (ef65345766d1)
[Subsystems] Discovering subsystems at path D:/Program Files (x86)/2020.3.9f1c1/Editor/Data/Resources/UnitySubsystems
[Subsystems] Discovering subsystems at path D:/Course_Projects/Role_playing_detective_game/Role_playing_detective_game/New Unity Project (1)/Assets
GfxDevice: creating device client; threaded=0
Direct3D:
    Version:  Direct3D 11.0 [level 11.1]
    Renderer: NVIDIA GeForce RTX 2060 (ID=0x1f15)
    Vendor:   
    VRAM:     5980 MB
    Driver:   27.21.14.5256
Initialize mono
Mono path[0] = 'D:/Program Files (x86)/2020.3.9f1c1/Editor/Data/Managed'
Mono path[1] = 'D:/Program Files (x86)/2020.3.9f1c1/Editor/Data/MonoBleedingEdge/lib/mono/unityjit'
Mono config path = 'D:/Program Files (x86)/2020.3.9f1c1/Editor/Data/MonoBleedingEdge/etc'
Using monoOptions --debugger-agent=transport=dt_socket,embedding=1,server=y,suspend=n,address=127.0.0.1:56620
Begin MonoManager ReloadAssembly
Registering precompiled unity dll's ...
Register platform support module: D:/Program Files (x86)/2020.3.9f1c1/Editor/Data/PlaybackEngines/WindowsStandaloneSupport/UnityEditor.WindowsStandalone.Extensions.dll
Registered in 0.003798 seconds.
Native extension for WindowsStandalone target not found
Refreshing native plugins compatible for Editor in 137.22 ms, found 0 plugins.
Preloading 0 native plugins for Editor in 0.00 ms.
Mono: successfully reloaded assembly
- Completed reload, in  2.701 seconds
Platform modules already initialized, skipping
Registering precompiled user dll's ...
Registered in 0.010251 seconds.
Begin MonoManager ReloadAssembly
Native extension for WindowsStandalone target not found
Refreshing native plugins compatible for Editor in 1.29 ms, found 0 plugins.
Preloading 0 native plugins for Editor in 0.00 ms.
Can't find custom attr constructor image: D:\Course_Projects\Role_playing_detective_game\Role_playing_detective_game\New Unity Project (1)\Library\PackageCache\com.unity.ads@3.4.5\Editor\UnityEditor.Advertisements.dll mtoken: 0x0a00000f due to:  assembly:D:\Program Files (x86)\2020.3.9f1c1\Editor\Data\Managed\UnityEngine\UnityEngine.CoreModule.dll type:UnityAPICompatibilityVersionAttribute member:void {0}(string,string[]) signature:.ctor
[ScriptCompilation] NOT recompiling all scripts because this is an import worker process. Reason to compile was: Define symbols changed
PlayerSettings Validation: Requested build target group (15) doesn't exist; #define symbols for scripting won't be added.
UnityEngine.StackTraceUtility:ExtractStackTrace ()
UnityEditor.PlayerSettings:SetScriptingDefineSymbolsForGroup (UnityEditor.BuildTargetGroup,string)
UnityStandardAssets.CrossPlatformInput.Inspector.CrossPlatformInitialize:SetEnabled (string,bool,bool) (at Assets/Editor/CrossPlatformInput/CrossPlatformInputInitialize.cs:135)
UnityStandardAssets.CrossPlatformInput.Inspector.CrossPlatformInitialize:.cctor () (at Assets/Editor/CrossPlatformInput/CrossPlatformInputInitialize.cs:21)
System.Runtime.CompilerServices.RuntimeHelpers:RunClassConstructor (System.RuntimeTypeHandle)
UnityEditor.EditorAssemblies:ProcessInitializeOnLoadAttributes (System.Type[])

[Assets/Editor/CrossPlatformInput/CrossPlatformInputInitialize.cs line 135]

PlayerSettings Validation: Requested build target group (16) doesn't exist; #define symbols for scripting won't be added.
UnityEngine.StackTraceUtility:ExtractStackTrace ()
UnityEditor.PlayerSettings:SetScriptingDefineSymbolsForGroup (UnityEditor.BuildTargetGroup,string)
UnityStandardAssets.CrossPlatformInput.Inspector.CrossPlatformInitialize:SetEnabled (string,bool,bool) (at Assets/Editor/CrossPlatformInput/CrossPlatformInputInitialize.cs:135)
UnityStandardAssets.CrossPlatformInput.Inspector.CrossPlatformInitialize:.cctor () (at Assets/Editor/CrossPlatformInput/CrossPlatformInputInitialize.cs:21)
System.Runtime.CompilerServices.RuntimeHelpers:RunClassConstructor (System.RuntimeTypeHandle)
UnityEditor.EditorAssemblies:ProcessInitializeOnLoadAttributes (System.Type[])

[Assets/Editor/CrossPlatformInput/CrossPlatformInputInitialize.cs line 135]

PlayerSettings Validation: Requested build target group (15) doesn't exist; #define symbols for scripting won't be added.
UnityEngine.StackTraceUtility:ExtractStackTrace ()
UnityEditor.PlayerSettings:SetScriptingDefineSymbolsForGroup (UnityEditor.BuildTargetGroup,string)
UnityStandardAssets.CrossPlatformInput.Inspector.CrossPlatformInitialize:SetEnabled (string,bool,bool) (at Assets/Editor/CrossPlatformInput/CrossPlatformInputInitialize.cs:135)
UnityStandardAssets.CrossPlatformInput.Inspector.CrossPlatformInitialize:.cctor () (at Assets/Editor/CrossPlatformInput/CrossPlatformInputInitialize.cs:22)
System.Runtime.CompilerServices.RuntimeHelpers:RunClassConstructor (System.RuntimeTypeHandle)
UnityEditor.EditorAssemblies:ProcessInitializeOnLoadAttributes (System.Type[])

[Assets/Editor/CrossPlatformInput/CrossPlatformInputInitialize.cs line 135]

PlayerSettings Validation: Requested build target group (16) doesn't exist; #define symbols for scripting won't be added.
UnityEngine.StackTraceUtility:ExtractStackTrace ()
UnityEditor.PlayerSettings:SetScriptingDefineSymbolsForGroup (UnityEditor.BuildTargetGroup,string)
UnityStandardAssets.CrossPlatformInput.Inspector.CrossPlatformInitialize:SetEnabled (string,bool,bool) (at Assets/Editor/CrossPlatformInput/CrossPlatformInputInitialize.cs:135)
UnityStandardAssets.CrossPlatformInput.Inspector.CrossPlatformInitialize:.cctor () (at Assets/Editor/CrossPlatformInput/CrossPlatformInputInitialize.cs:22)
System.Runtime.CompilerServices.RuntimeHelpers:RunClassConstructor (System.RuntimeTypeHandle)
UnityEditor.EditorAssemblies:ProcessInitializeOnLoadAttributes (System.Type[])

[Assets/Editor/CrossPlatformInput/CrossPlatformInputInitialize.cs line 135]

PlayerSettings Validation: Requested build target group (20) doesn't exist; #define symbols for scripting won't be added.
UnityEngine.StackTraceUtility:ExtractStackTrace ()
UnityEditor.PlayerSettings:SetScriptingDefineSymbolsForGroup (UnityEditor.BuildTargetGroup,string)
UnityStandardAssets.CrossPlatformInput.Inspector.CrossPlatformInitialize:SetEnabled (string,bool,bool) (at Assets/Editor/CrossPlatformInput/CrossPlatformInputInitialize.cs:135)
UnityStandardAssets.CrossPlatformInput.Inspector.CrossPlatformInitialize:.cctor () (at Assets/Editor/CrossPlatformInput/CrossPlatformInputInitialize.cs:22)
System.Runtime.CompilerServices.RuntimeHelpers:RunClassConstructor (System.RuntimeTypeHandle)
UnityEditor.EditorAssemblies:ProcessInitializeOnLoadAttributes (System.Type[])

[Assets/Editor/CrossPlatformInput/CrossPlatformInputInitialize.cs line 135]

PlayerSettings Validation: Requested build target group (17) doesn't exist; #define symbols for scripting won't be added.
UnityEngine.StackTraceUtility:ExtractStackTrace ()
UnityEditor.PlayerSettings:SetScriptingDefineSymbolsForGroup (UnityEditor.BuildTargetGroup,string)
UnityStandardAssets.CrossPlatformInput.Inspector.CrossPlatformInitialize:SetEnabled (string,bool,bool) (at Assets/Editor/CrossPlatformInput/CrossPlatformInputInitialize.cs:135)
UnityStandardAssets.CrossPlatformInput.Inspector.CrossPlatformInitialize:.cctor () (at Assets/Editor/CrossPlatformInput/CrossPlatformInputInitialize.cs:22)
System.Runtime.CompilerServices.RuntimeHelpers:RunClassConstructor (System.RuntimeTypeHandle)
UnityEditor.EditorAssemblies:ProcessInitializeOnLoadAttributes (System.Type[])

[Assets/Editor/CrossPlatformInput/CrossPlatformInputInitialize.cs line 135]

Mono: successfully reloaded assembly
- Completed reload, in  2.475 seconds
Platform modules already initialized, skipping
========================================================================
Worker process is ready to serve import requests
Launched and connected shader compiler UnityShaderCompiler.exe after 0.13 seconds
Refreshing native plugins compatible for Editor in 1.24 ms, found 0 plugins.
Preloading 0 native plugins for Editor in 0.00 ms.
Unloading 1844 Unused Serialized files (Serialized files now loaded: 0)
System memory in use before: 106.2 MB.
System memory in use after: 105.9 MB.

Unloading 41 unused Assets to reduce memory usage. Loaded Objects now: 2275.
Total: 4.539000 ms (FindLiveObjects: 0.319800 ms CreateObjectMapping: 0.122500 ms MarkObjects: 3.364400 ms  DeleteObjects: 0.729500 ms)

========================================================================
Received Import Request.
  path: Assets/Standard Assets/Utility/FollowTarget.cs
  artifactKey: Guid(246cc59c7a84ea44f87f6b70acfe30c5) Importer(815301076,1909f56bfc062723c751e8b465ee728b)
Start importing Assets/Standard Assets/Utility/FollowTarget.cs using Guid(246cc59c7a84ea44f87f6b70acfe30c5) Importer(815301076,1909f56bfc062723c751e8b465ee728b)  -> (artifact id: '8f56fa2e8c2f3fd5dd1fce9ea1f22db4') in 0.070148 seconds
  Import took 0.076648 seconds .

========================================================================
Received Prepare
Registering precompiled user dll's ...
Registered in 0.014415 seconds.
Begin MonoManager ReloadAssembly
Native extension for WindowsStandalone target not found
Refreshing native plugins compatible for Editor in 1.94 ms, found 0 plugins.
Preloading 0 native plugins for Editor in 0.00 ms.
Can't find custom attr constructor image: D:\Course_Projects\Role_playing_detective_game\Role_playing_detective_game\New Unity Project (1)\Library\PackageCache\com.unity.ads@3.4.5\Editor\UnityEditor.Advertisements.dll mtoken: 0x0a00000f due to:  assembly:D:\Program Files (x86)\2020.3.9f1c1\Editor\Data\Managed\UnityEngine\UnityEngine.CoreModule.dll type:UnityAPICompatibilityVersionAttribute member:void {0}(string,string[]) signature:.ctor
[ScriptCompilation] NOT recompiling all scripts because this is an import worker process. Reason to compile was: Define symbols changed
PlayerSettings Validation: Requested build target group (15) doesn't exist; #define symbols for scripting won't be added.
UnityEngine.StackTraceUtility:ExtractStackTrace ()
UnityEditor.PlayerSettings:SetScriptingDefineSymbolsForGroup (UnityEditor.BuildTargetGroup,string)
UnityStandardAssets.CrossPlatformInput.Inspector.CrossPlatformInitialize:SetEnabled (string,bool,bool) (at Assets/Editor/CrossPlatformInput/CrossPlatformInputInitialize.cs:135)
UnityStandardAssets.CrossPlatformInput.Inspector.CrossPlatformInitialize:.cctor () (at Assets/Editor/CrossPlatformInput/CrossPlatformInputInitialize.cs:21)
System.Runtime.CompilerServices.RuntimeHelpers:RunClassConstructor (System.RuntimeTypeHandle)
UnityEditor.EditorAssemblies:ProcessInitializeOnLoadAttributes (System.Type[])

[Assets/Editor/CrossPlatformInput/CrossPlatformInputInitialize.cs line 135]

PlayerSettings Validation: Requested build target group (16) doesn't exist; #define symbols for scripting won't be added.
UnityEngine.StackTraceUtility:ExtractStackTrace ()
UnityEditor.PlayerSettings:SetScriptingDefineSymbolsForGroup (UnityEditor.BuildTargetGroup,string)
UnityStandardAssets.CrossPlatformInput.Inspector.CrossPlatformInitialize:SetEnabled (string,bool,bool) (at Assets/Editor/CrossPlatformInput/CrossPlatformInputInitialize.cs:135)
UnityStandardAssets.CrossPlatformInput.Inspector.CrossPlatformInitialize:.cctor () (at Assets/Editor/CrossPlatformInput/CrossPlatformInputInitialize.cs:21)
System.Runtime.CompilerServices.RuntimeHelpers:RunClassConstructor (System.RuntimeTypeHandle)
UnityEditor.EditorAssemblies:ProcessInitializeOnLoadAttributes (System.Type[])

[Assets/Editor/CrossPlatformInput/CrossPlatformInputInitialize.cs line 135]

PlayerSettings Validation: Requested build target group (15) doesn't exist; #define symbols for scripting won't be added.
UnityEngine.StackTraceUtility:ExtractStackTrace ()
UnityEditor.PlayerSettings:SetScriptingDefineSymbolsForGroup (UnityEditor.BuildTargetGroup,string)
UnityStandardAssets.CrossPlatformInput.Inspector.CrossPlatformInitialize:SetEnabled (string,bool,bool) (at Assets/Editor/CrossPlatformInput/CrossPlatformInputInitialize.cs:135)
UnityStandardAssets.CrossPlatformInput.Inspector.CrossPlatformInitialize:.cctor () (at Assets/Editor/CrossPlatformInput/CrossPlatformInputInitialize.cs:22)
System.Runtime.CompilerServices.RuntimeHelpers:RunClassConstructor (System.RuntimeTypeHandle)
UnityEditor.EditorAssemblies:ProcessInitializeOnLoadAttributes (System.Type[])

[Assets/Editor/CrossPlatformInput/CrossPlatformInputInitialize.cs line 135]

PlayerSettings Validation: Requested build target group (16) doesn't exist; #define symbols for scripting won't be added.
UnityEngine.StackTraceUtility:ExtractStackTrace ()
UnityEditor.PlayerSettings:SetScriptingDefineSymbolsForGroup (UnityEditor.BuildTargetGroup,string)
UnityStandardAssets.CrossPlatformInput.Inspector.CrossPlatformInitialize:SetEnabled (string,bool,bool) (at Assets/Editor/CrossPlatformInput/CrossPlatformInputInitialize.cs:135)
UnityStandardAssets.CrossPlatformInput.Inspector.CrossPlatformInitialize:.cctor () (at Assets/Editor/CrossPlatformInput/CrossPlatformInputInitialize.cs:22)
System.Runtime.CompilerServices.RuntimeHelpers:RunClassConstructor (System.RuntimeTypeHandle)
UnityEditor.EditorAssemblies:ProcessInitializeOnLoadAttributes (System.Type[])

[Assets/Editor/CrossPlatformInput/CrossPlatformInputInitialize.cs line 135]

PlayerSettings Validation: Requested build target group (20) doesn't exist; #define symbols for scripting won't be added.
UnityEngine.StackTraceUtility:ExtractStackTrace ()
UnityEditor.PlayerSettings:SetScriptingDefineSymbolsForGroup (UnityEditor.BuildTargetGroup,string)
UnityStandardAssets.CrossPlatformInput.Inspector.CrossPlatformInitialize:SetEnabled (string,bool,bool) (at Assets/Editor/CrossPlatformInput/CrossPlatformInputInitialize.cs:135)
UnityStandardAssets.CrossPlatformInput.Inspector.CrossPlatformInitialize:.cctor () (at Assets/Editor/CrossPlatformInput/CrossPlatformInputInitialize.cs:22)
System.Runtime.CompilerServices.RuntimeHelpers:RunClassConstructor (System.RuntimeTypeHandle)
UnityEditor.EditorAssemblies:ProcessInitializeOnLoadAttributes (System.Type[])

[Assets/Editor/CrossPlatformInput/CrossPlatformInputInitialize.cs line 135]

PlayerSettings Validation: Requested build target group (17) doesn't exist; #define symbols for scripting won't be added.
UnityEngine.StackTraceUtility:ExtractStackTrace ()
UnityEditor.PlayerSettings:SetScriptingDefineSymbolsForGroup (UnityEditor.BuildTargetGroup,string)
UnityStandardAssets.CrossPlatformInput.Inspector.CrossPlatformInitialize:SetEnabled (string,bool,bool) (at Assets/Editor/CrossPlatformInput/CrossPlatformInputInitialize.cs:135)
UnityStandardAssets.CrossPlatformInput.Inspector.CrossPlatformInitialize:.cctor () (at Assets/Editor/CrossPlatformInput/CrossPlatformInputInitialize.cs:22)
System.Runtime.CompilerServices.RuntimeHelpers:RunClassConstructor (System.RuntimeTypeHandle)
UnityEditor.EditorAssemblies:ProcessInitializeOnLoadAttributes (System.Type[])

[Assets/Editor/CrossPlatformInput/CrossPlatformInputInitialize.cs line 135]

Mono: successfully reloaded assembly
- Completed reload, in  2.198 seconds
Platform modules already initialized, skipping
Refreshing native plugins compatible for Editor in 1.30 ms, found 0 plugins.
Preloading 0 native plugins for Editor in 0.00 ms.
Unloading 1737 Unused Serialized files (Serialized files now loaded: 0)
System memory in use before: 96.3 MB.
System memory in use after: 96.0 MB.

Unloading 32 unused Assets to reduce memory usage. Loaded Objects now: 2278.
Total: 4.549100 ms (FindLiveObjects: 0.310100 ms CreateObjectMapping: 0.119400 ms MarkObjects: 3.480600 ms  DeleteObjects: 0.636100 ms)

AssetImportWorkerClient::OnTransportError - code=2 error=End of file
