Using pre-set license
Built from '2020.3/china_unity/release' branch; Version is '2020.3.9f1c1 (ef65345766d1) revision 15689012'; Using compiler version '192528614'; Build Type 'Release'
OS: 'Windows 10 Home China; OS build 19042.985; Version 2009; 64bit' Language: 'zh' Physical Memory: 16253 MB
BatchMode: 1, IsHumanControllingUs: 0, StartBugReporterOnCrash: 0, Is64bit: 1, IsPro: 0

 COMMAND LINE ARGUMENTS:
D:\Program Files (x86)\2020.3.9f1c1\Editor\Unity.exe
-adb2
-batchMode
-noUpm
-name
AssetImportWorker0
-projectPath
D:/Course_Projects/Role_playing_detective_game/Role_playing_detective_game/New Unity Project (1)
-logFile
Logs/AssetImportWorker0.log
-srvPort
54632
Successfully changed project path to: D:/Course_Projects/Role_playing_detective_game/Role_playing_detective_game/New Unity Project (1)
D:/Course_Projects/Role_playing_detective_game/Role_playing_detective_game/New Unity Project (1)
Using Asset Import Pipeline V2.
Refreshing native plugins compatible for Editor in 161.68 ms, found 0 plugins.
Preloading 0 native plugins for Editor in 0.00 ms.
Initialize engine version: 2020.3.9f1c1 (ef65345766d1)
[Subsystems] Discovering subsystems at path D:/Program Files (x86)/2020.3.9f1c1/Editor/Data/Resources/UnitySubsystems
[Subsystems] Discovering subsystems at path D:/Course_Projects/Role_playing_detective_game/Role_playing_detective_game/New Unity Project (1)/Assets
GfxDevice: creating device client; threaded=0
Direct3D:
    Version:  Direct3D 11.0 [level 11.1]
    Renderer: NVIDIA GeForce RTX 2060 (ID=0x1f15)
    Vendor:   
    VRAM:     5980 MB
    Driver:   27.21.14.5256
Initialize mono
Mono path[0] = 'D:/Program Files (x86)/2020.3.9f1c1/Editor/Data/Managed'
Mono path[1] = 'D:/Program Files (x86)/2020.3.9f1c1/Editor/Data/MonoBleedingEdge/lib/mono/unityjit'
Mono config path = 'D:/Program Files (x86)/2020.3.9f1c1/Editor/Data/MonoBleedingEdge/etc'
Using monoOptions --debugger-agent=transport=dt_socket,embedding=1,server=y,suspend=n,address=127.0.0.1:56688
Begin MonoManager ReloadAssembly
Registering precompiled unity dll's ...
Register platform support module: D:/Program Files (x86)/2020.3.9f1c1/Editor/Data/PlaybackEngines/WindowsStandaloneSupport/UnityEditor.WindowsStandalone.Extensions.dll
Registered in 0.002697 seconds.
Native extension for WindowsStandalone target not found
Refreshing native plugins compatible for Editor in 157.73 ms, found 0 plugins.
Preloading 0 native plugins for Editor in 0.00 ms.
Mono: successfully reloaded assembly
- Completed reload, in  2.470 seconds
Platform modules already initialized, skipping
Registering precompiled user dll's ...
Registered in 0.011245 seconds.
Begin MonoManager ReloadAssembly
Native extension for WindowsStandalone target not found
Refreshing native plugins compatible for Editor in 1.61 ms, found 0 plugins.
Preloading 0 native plugins for Editor in 0.00 ms.
Can't find custom attr constructor image: D:\Course_Projects\Role_playing_detective_game\Role_playing_detective_game\New Unity Project (1)\Library\PackageCache\com.unity.ads@3.4.5\Editor\UnityEditor.Advertisements.dll mtoken: 0x0a00000f due to:  assembly:D:\Program Files (x86)\2020.3.9f1c1\Editor\Data\Managed\UnityEngine\UnityEngine.CoreModule.dll type:UnityAPICompatibilityVersionAttribute member:void {0}(string,string[]) signature:.ctor
Mono: successfully reloaded assembly
- Completed reload, in  2.276 seconds
Platform modules already initialized, skipping
========================================================================
Worker process is ready to serve import requests
Launched and connected shader compiler UnityShaderCompiler.exe after 0.12 seconds
Refreshing native plugins compatible for Editor in 1.46 ms, found 0 plugins.
Preloading 0 native plugins for Editor in 0.00 ms.
Unloading 1844 Unused Serialized files (Serialized files now loaded: 0)
System memory in use before: 106.4 MB.
System memory in use after: 106.1 MB.

Unloading 41 unused Assets to reduce memory usage. Loaded Objects now: 2275.
Total: 4.947600 ms (FindLiveObjects: 0.388800 ms CreateObjectMapping: 0.116900 ms MarkObjects: 3.754600 ms  DeleteObjects: 0.683800 ms)

========================================================================
Received Import Request.
  path: Assets/DevDen Arch Viz Scotland/Arch Viz Vol1.pdf
  artifactKey: Guid(59efb8aef6144ef41bb9fd766422080c) Importer(815301076,1909f56bfc062723c751e8b465ee728b)
Start importing Assets/DevDen Arch Viz Scotland/Arch Viz Vol1.pdf using Guid(59efb8aef6144ef41bb9fd766422080c) Importer(815301076,1909f56bfc062723c751e8b465ee728b)  -> (artifact id: 'ffff3d70e22a9a15efa43a18f616f0cc') in 0.081483 seconds
  Import took 0.088235 seconds .

========================================================================
Received Import Request.
  Time since last request: 8.197619 seconds.
  path: Assets/DevDen Arch Viz Scotland/Scenes
  artifactKey: Guid(b610fe78f4aa0a643b918b3c87e99d27) Importer(815301076,1909f56bfc062723c751e8b465ee728b)
Start importing Assets/DevDen Arch Viz Scotland/Scenes using Guid(b610fe78f4aa0a643b918b3c87e99d27) Importer(815301076,1909f56bfc062723c751e8b465ee728b)  -> (artifact id: 'd14c32c56b6786765878fc500b066e09') in 0.005214 seconds
  Import took 0.015905 seconds .

========================================================================
Received Import Request.
  Time since last request: 6.135577 seconds.
  path: Assets/DevDen Arch Viz Scotland/Scenes/ArchViz.unity
  artifactKey: Guid(5d9a04077777e2741aa75a554f7ee3fb) Importer(815301076,1909f56bfc062723c751e8b465ee728b)
Start importing Assets/DevDen Arch Viz Scotland/Scenes/ArchViz.unity using Guid(5d9a04077777e2741aa75a554f7ee3fb) Importer(815301076,1909f56bfc062723c751e8b465ee728b)  -> (artifact id: '9e55b830ae0e282e65adcf62256ba3c9') in 0.003211 seconds
  Import took 0.008698 seconds .

========================================================================
Received Prepare
Registering precompiled user dll's ...
Registered in 0.010405 seconds.
Begin MonoManager ReloadAssembly
Native extension for WindowsStandalone target not found
Refreshing native plugins compatible for Editor in 1.44 ms, found 0 plugins.
Preloading 0 native plugins for Editor in 0.00 ms.
Can't find custom attr constructor image: D:\Course_Projects\Role_playing_detective_game\Role_playing_detective_game\New Unity Project (1)\Library\PackageCache\com.unity.ads@3.4.5\Editor\UnityEditor.Advertisements.dll mtoken: 0x0a00000f due to:  assembly:D:\Program Files (x86)\2020.3.9f1c1\Editor\Data\Managed\UnityEngine\UnityEngine.CoreModule.dll type:UnityAPICompatibilityVersionAttribute member:void {0}(string,string[]) signature:.ctor
Mono: successfully reloaded assembly
- Completed reload, in  2.112 seconds
Platform modules already initialized, skipping
Refreshing native plugins compatible for Editor in 1.49 ms, found 0 plugins.
Preloading 0 native plugins for Editor in 0.00 ms.
Unloading 1737 Unused Serialized files (Serialized files now loaded: 0)
System memory in use before: 96.4 MB.
System memory in use after: 96.1 MB.

Unloading 32 unused Assets to reduce memory usage. Loaded Objects now: 2278.
Total: 4.399700 ms (FindLiveObjects: 0.310400 ms CreateObjectMapping: 0.111500 ms MarkObjects: 3.141300 ms  DeleteObjects: 0.834500 ms)

AssetImportWorkerClient::OnTransportError - code=2 error=End of file
